<?xml version="1.0" encoding="UTF-8"?>
<testsuite xmlns:xsi="http://www.w3.org/2001/XMLSchema-instance" xsi:noNamespaceSchemaLocation="https://maven.apache.org/surefire/maven-surefire-plugin/xsd/surefire-test-report.xsd" name="CourierLoginTest" time="128.401" tests="5" errors="0" skipped="0" failures="1">
  <properties>
[...]
</properties>
  <testcase name="loginTest" classname="CourierLoginTest" time="16.923"/>
  <testcase name="wrongLoginTest" classname="CourierLoginTest" time="15.622"/>
  <testcase name="loginNoPasswordTest" classname="CourierLoginTest" time="67.639">
    <failure message="1 expectation failed.&#10;Expected status code &lt;400&gt; but was &lt;504&gt;.&#10;" type="java.lang.AssertionError"><![CDATA[java.lang.AssertionError: 
1 expectation failed.
Expected status code <400> but was <504>.

	at CourierLoginTest.loginNoPasswordTest(CourierLoginTest.java:29)
]]></failure>
    <system-out><![CDATA[HTTP/1.1 504 Gateway time out
Content-Length: 19
Set-Cookie: _yasc=3ndduWvDCaM9zLenaqhH8WPqt7EhGjfwtVXbtPLi4QKxupPr2Q/2fSL/KCut; domain=.praktikum-services.ru; path=/; expires=Thu, 14-Apr-2033 11:21:01 GMT; secure
X-Request-Id: 1681730461971964-418014770179760906

Service unavailable
{
    "ok": true
}
]]></system-out>
  </testcase>
  <testcase name="wrongPasswordTest" classname="CourierLoginTest" time="14.154"/>
  <testcase name="loginNoLoginTest" classname="CourierLoginTest" time="13.587"/>
</testsuite>